<?xml version="1.0" encoding="UTF-8"?>
<robot generator="Robot 6.0.2 (Python 3.11.4 on win32)" generated="20230823 10:53:55.384" rpa="false" schemaversion="3">
<suite id="s1" name="UIElements Tests" source="C:\TestAutothon\RobotFrameworkDemo\TestSuites\Selenium_examples\UIElements_Tests.robot">
<test id="s1-t1" name="getTextTest" line="11">
<kw name="Open browser to page" library="TestBase">
<arg>https://the-internet.herokuapp.com</arg>
<kw name="Get Browserdriver Path" library="WebDriverSetup">
<var>${browser_path}</var>
<arg>${BROWSER}</arg>
<msg timestamp="20230823 10:53:55.962" level="INFO">Setup browser: chrome
None</msg>
<msg timestamp="20230823 10:53:55.962" level="INFO">${browser_path} = None</msg>
<status status="PASS" starttime="20230823 10:53:55.961" endtime="20230823 10:53:55.962"/>
</kw>
<kw name="Options builder" library="TestBase">
<kw name="Run Keyword If" library="BuiltIn">
<arg>"${HEADLESS.lower()}" == "true"</arg>
<arg>Add headless mode to browser</arg>
<doc>Runs the given keyword with the given arguments, if ``condition`` is true.</doc>
<status status="PASS" starttime="20230823 10:53:55.962" endtime="20230823 10:53:55.963"/>
</kw>
<kw name="Run Keyword If" library="BuiltIn">
<arg>"${INCOGNITO.lower()}" == "true"</arg>
<arg>Add incognito mode to browser</arg>
<doc>Runs the given keyword with the given arguments, if ``condition`` is true.</doc>
<status status="PASS" starttime="20230823 10:53:55.963" endtime="20230823 10:53:55.965"/>
</kw>
<kw name="Run Keyword If" library="BuiltIn">
<arg>"${DOCKERGRID.lower()}" == "true"</arg>
<arg>Ingore certificate errors</arg>
<doc>Runs the given keyword with the given arguments, if ``condition`` is true.</doc>
<status status="PASS" starttime="20230823 10:53:55.966" endtime="20230823 10:53:55.966"/>
</kw>
<kw name="Run Keyword If" library="BuiltIn">
<arg>"${FAST_PROXY}" != ""</arg>
<arg>Send whole traffic through proxy</arg>
<doc>Runs the given keyword with the given arguments, if ``condition`` is true.</doc>
<status status="PASS" starttime="20230823 10:53:55.966" endtime="20230823 10:53:55.966"/>
</kw>
<status status="PASS" starttime="20230823 10:53:55.962" endtime="20230823 10:53:55.966"/>
</kw>
<kw name="Run Keyword If" library="BuiltIn">
<arg>"${DOCKERGRID.lower()}" == "true" and "${FAST_PROXY}" == ""</arg>
<arg>Open browser</arg>
<arg>${URL}</arg>
<arg>browser=${BROWSER}</arg>
<arg>remote_url=http://localhost:4444/wd/hub</arg>
<arg>desired_capabilities=${CAPABILITIES}</arg>
<arg>executable_path=${browser_path}</arg>
<arg>options=${DEFAULT_OPTIONS}</arg>
<arg>ELSE</arg>
<arg>Open browser</arg>
<arg>${URL}</arg>
<arg>${BROWSER}</arg>
<arg>executable_path=${browser_path}</arg>
<arg>options=${DEFAULT_OPTIONS}</arg>
<doc>Runs the given keyword with the given arguments, if ``condition`` is true.</doc>
<kw name="Open Browser" library="SeleniumLibrary">
<arg>${URL}</arg>
<arg>${BROWSER}</arg>
<arg>executable_path=${browser_path}</arg>
<arg>options=${DEFAULT_OPTIONS}</arg>
<doc>Opens a new browser instance to the optional ``url``.</doc>
<msg timestamp="20230823 10:53:55.966" level="INFO">Opening browser 'chrome' to base url 'https://the-internet.herokuapp.com'.</msg>
<status status="PASS" starttime="20230823 10:53:55.966" endtime="20230823 10:54:18.481"/>
</kw>
<status status="PASS" starttime="20230823 10:53:55.966" endtime="20230823 10:54:18.481"/>
</kw>
<kw name="Maximize Browser Window" library="SeleniumLibrary">
<doc>Maximizes current browser window.</doc>
<status status="PASS" starttime="20230823 10:54:18.481" endtime="20230823 10:54:18.615"/>
</kw>
<kw name="Set Selenium Speed" library="SeleniumLibrary">
<arg>${DELAY}</arg>
<doc>Sets the delay that is waited after each Selenium command.</doc>
<status status="PASS" starttime="20230823 10:54:18.615" endtime="20230823 10:54:18.615"/>
</kw>
<status status="PASS" starttime="20230823 10:53:55.961" endtime="20230823 10:54:18.615"/>
</kw>
<kw name="Get Text" library="SeleniumLibrary">
<var>${innerText}</var>
<arg>${header}</arg>
<doc>Returns the text value of the element identified by ``locator``.</doc>
<msg timestamp="20230823 10:54:18.746" level="INFO">${innerText} = Welcome to the-internet</msg>
<status status="PASS" starttime="20230823 10:54:18.615" endtime="20230823 10:54:18.746"/>
</kw>
<kw name="Should Be Equal" library="BuiltIn">
<arg>${innerText}</arg>
<arg>Welcome to the-internet</arg>
<doc>Fails if the given objects are unequal.</doc>
<status status="PASS" starttime="20230823 10:54:18.749" endtime="20230823 10:54:18.752"/>
</kw>
<kw name="Teardown" library="TestBase" type="TEARDOWN">
<kw name="Set Screenshot Directory" library="SeleniumLibrary">
<arg>./TestOutput/Screenshots/${SUITE NAME}</arg>
<doc>Sets the directory for captured screenshots.</doc>
<status status="PASS" starttime="20230823 10:54:18.753" endtime="20230823 10:54:18.757"/>
</kw>
<kw name="Capture Page Screenshot" library="SeleniumLibrary">
<arg>${TEST NAME}.png</arg>
<doc>Takes a screenshot of the current page and embeds it into a log file.</doc>
<msg timestamp="20230823 10:54:18.990" level="INFO" html="true">&lt;/td&gt;&lt;/tr&gt;&lt;tr&gt;&lt;td colspan="3"&gt;&lt;a href="TestOutput/Screenshots/UIElements%20Tests/getTextTest.png"&gt;&lt;img src="TestOutput/Screenshots/UIElements%20Tests/getTextTest.png" width="800px"&gt;&lt;/a&gt;</msg>
<status status="PASS" starttime="20230823 10:54:18.758" endtime="20230823 10:54:18.990"/>
</kw>
<kw name="Close Browser" library="SeleniumLibrary">
<doc>Closes the current browser.</doc>
<status status="PASS" starttime="20230823 10:54:18.990" endtime="20230823 10:54:21.473"/>
</kw>
<status status="PASS" starttime="20230823 10:54:18.753" endtime="20230823 10:54:21.474"/>
</kw>
<tag>PASS</tag>
<tag>UI</tag>
<status status="PASS" starttime="20230823 10:53:55.960" endtime="20230823 10:54:21.476"/>
</test>
<test id="s1-t2" name="selectByLabelTest" line="16">
<kw name="Open browser to page" library="TestBase">
<arg>https://the-internet.herokuapp.com/dropdown</arg>
<kw name="Get Browserdriver Path" library="WebDriverSetup">
<var>${browser_path}</var>
<arg>${BROWSER}</arg>
<msg timestamp="20230823 10:54:21.487" level="INFO">Setup browser: chrome
None</msg>
<msg timestamp="20230823 10:54:21.487" level="INFO">${browser_path} = None</msg>
<status status="PASS" starttime="20230823 10:54:21.486" endtime="20230823 10:54:21.487"/>
</kw>
<kw name="Options builder" library="TestBase">
<kw name="Run Keyword If" library="BuiltIn">
<arg>"${HEADLESS.lower()}" == "true"</arg>
<arg>Add headless mode to browser</arg>
<doc>Runs the given keyword with the given arguments, if ``condition`` is true.</doc>
<status status="PASS" starttime="20230823 10:54:21.489" endtime="20230823 10:54:21.492"/>
</kw>
<kw name="Run Keyword If" library="BuiltIn">
<arg>"${INCOGNITO.lower()}" == "true"</arg>
<arg>Add incognito mode to browser</arg>
<doc>Runs the given keyword with the given arguments, if ``condition`` is true.</doc>
<status status="PASS" starttime="20230823 10:54:21.493" endtime="20230823 10:54:21.495"/>
</kw>
<kw name="Run Keyword If" library="BuiltIn">
<arg>"${DOCKERGRID.lower()}" == "true"</arg>
<arg>Ingore certificate errors</arg>
<doc>Runs the given keyword with the given arguments, if ``condition`` is true.</doc>
<status status="PASS" starttime="20230823 10:54:21.495" endtime="20230823 10:54:21.498"/>
</kw>
<kw name="Run Keyword If" library="BuiltIn">
<arg>"${FAST_PROXY}" != ""</arg>
<arg>Send whole traffic through proxy</arg>
<doc>Runs the given keyword with the given arguments, if ``condition`` is true.</doc>
<status status="PASS" starttime="20230823 10:54:21.499" endtime="20230823 10:54:21.499"/>
</kw>
<status status="PASS" starttime="20230823 10:54:21.488" endtime="20230823 10:54:21.500"/>
</kw>
<kw name="Run Keyword If" library="BuiltIn">
<arg>"${DOCKERGRID.lower()}" == "true" and "${FAST_PROXY}" == ""</arg>
<arg>Open browser</arg>
<arg>${URL}</arg>
<arg>browser=${BROWSER}</arg>
<arg>remote_url=http://localhost:4444/wd/hub</arg>
<arg>desired_capabilities=${CAPABILITIES}</arg>
<arg>executable_path=${browser_path}</arg>
<arg>options=${DEFAULT_OPTIONS}</arg>
<arg>ELSE</arg>
<arg>Open browser</arg>
<arg>${URL}</arg>
<arg>${BROWSER}</arg>
<arg>executable_path=${browser_path}</arg>
<arg>options=${DEFAULT_OPTIONS}</arg>
<doc>Runs the given keyword with the given arguments, if ``condition`` is true.</doc>
<kw name="Open Browser" library="SeleniumLibrary">
<arg>${URL}</arg>
<arg>${BROWSER}</arg>
<arg>executable_path=${browser_path}</arg>
<arg>options=${DEFAULT_OPTIONS}</arg>
<doc>Opens a new browser instance to the optional ``url``.</doc>
<msg timestamp="20230823 10:54:21.510" level="INFO">Opening browser 'chrome' to base url 'https://the-internet.herokuapp.com/dropdown'.</msg>
<status status="PASS" starttime="20230823 10:54:21.504" endtime="20230823 10:54:25.745"/>
</kw>
<status status="PASS" starttime="20230823 10:54:21.500" endtime="20230823 10:54:25.746"/>
</kw>
<kw name="Maximize Browser Window" library="SeleniumLibrary">
<doc>Maximizes current browser window.</doc>
<msg timestamp="20230823 10:54:25.767" level="WARN">Keyword 'Capture Page Screenshot' could not be run on failure: Message: no such window: target window already closed
from unknown error: web view not found
  (Session info: chrome=116.0.5845.97)
Stacktrace:
	GetHandleVerifier [0x00007FF7D80352A2+57122]
	(No symbol) [0x00007FF7D7FAEA92]
	(No symbol) [0x00007FF7D7E7E3AB]
	(No symbol) [0x00007FF7D7E5E1B9]
	(No symbol) [0x00007FF7D7EDB417]
	(No symbol) [0x00007FF7D7EEE24F]
	(No symbol) [0x00007FF7D7ED6DB3]
	(No symbol) [0x00007FF7D7EAD2B1]
	(No symbol) [0x00007FF7D7EAE494]
	GetHandleVerifier [0x00007FF7D82DEF82+2849794]
	GetHandleVerifier [0x00007FF7D8331D24+3189156]
	GetHandleVerifier [0x00007FF7D832ACAF+3160367]
	GetHandleVerifier [0x00007FF7D80C6D06+653702]
	(No symbol) [0x00007FF7D7FBA208]
	(No symbol) [0x00007FF7D7FB62C4]
	(No symbol) [0x00007FF7D7FB63F6]
	(No symbol) [0x00007FF7D7FA67A3]
	BaseThreadInitThunk [0x00007FFD2A757614+20]
	RtlUserThreadStart [0x00007FFD2C6426F1+33]
</msg>
<msg timestamp="20230823 10:54:25.798" level="FAIL">NoSuchWindowException: Message: no such window: target window already closed
from unknown error: web view not found
  (Session info: chrome=116.0.5845.97)
Stacktrace:
	GetHandleVerifier [0x00007FF7D80352A2+57122]
	(No symbol) [0x00007FF7D7FAEA92]
	(No symbol) [0x00007FF7D7E7E3AB]
	(No symbol) [0x00007FF7D7E5E1B9]
	(No symbol) [0x00007FF7D7EDB417]
	(No symbol) [0x00007FF7D7EEE24F]
	(No symbol) [0x00007FF7D7ED6DB3]
	(No symbol) [0x00007FF7D7EAD2B1]
	(No symbol) [0x00007FF7D7EAE494]
	GetHandleVerifier [0x00007FF7D82DEF82+2849794]
	GetHandleVerifier [0x00007FF7D8331D24+3189156]
	GetHandleVerifier [0x00007FF7D832ACAF+3160367]
	GetHandleVerifier [0x00007FF7D80C6D06+653702]
	(No symbol) [0x00007FF7D7FBA208]
	(No symbol) [0x00007FF7D7FB62C4]
	(No symbol) [0x00007FF7D7FB63F6]
	(No symbol) [0x00007FF7D7FA67A3]
	BaseThreadInitThunk [0x00007FFD2A757614+20]
	RtlUserThreadStart [0x00007FFD2C6426F1+33]
</msg>
<status status="FAIL" starttime="20230823 10:54:25.747" endtime="20230823 10:54:25.815"/>
</kw>
<kw name="Set Selenium Speed" library="SeleniumLibrary">
<arg>${DELAY}</arg>
<doc>Sets the delay that is waited after each Selenium command.</doc>
<status status="NOT RUN" starttime="20230823 10:54:25.816" endtime="20230823 10:54:25.816"/>
</kw>
<status status="FAIL" starttime="20230823 10:54:21.484" endtime="20230823 10:54:25.817"/>
</kw>
<kw name="Select Bylabel" library="UIElementsPage">
<status status="NOT RUN" starttime="20230823 10:54:25.820" endtime="20230823 10:54:25.833"/>
</kw>
<kw name="Teardown" library="TestBase" type="TEARDOWN">
<kw name="Set Screenshot Directory" library="SeleniumLibrary">
<arg>./TestOutput/Screenshots/${SUITE NAME}</arg>
<doc>Sets the directory for captured screenshots.</doc>
<status status="PASS" starttime="20230823 10:54:25.939" endtime="20230823 10:54:25.947"/>
</kw>
<kw name="Capture Page Screenshot" library="SeleniumLibrary">
<arg>${TEST NAME}.png</arg>
<doc>Takes a screenshot of the current page and embeds it into a log file.</doc>
<msg timestamp="20230823 10:54:25.988" level="WARN">Keyword 'Capture Page Screenshot' could not be run on failure: Message: no such window: target window already closed
from unknown error: web view not found
  (Session info: chrome=116.0.5845.97)
Stacktrace:
	GetHandleVerifier [0x00007FF7D80352A2+57122]
	(No symbol) [0x00007FF7D7FAEA92]
	(No symbol) [0x00007FF7D7E7E3AB]
	(No symbol) [0x00007FF7D7E5E1B9]
	(No symbol) [0x00007FF7D7EDB417]
	(No symbol) [0x00007FF7D7EEE24F]
	(No symbol) [0x00007FF7D7ED6DB3]
	(No symbol) [0x00007FF7D7EAD2B1]
	(No symbol) [0x00007FF7D7EAE494]
	GetHandleVerifier [0x00007FF7D82DEF82+2849794]
	GetHandleVerifier [0x00007FF7D8331D24+3189156]
	GetHandleVerifier [0x00007FF7D832ACAF+3160367]
	GetHandleVerifier [0x00007FF7D80C6D06+653702]
	(No symbol) [0x00007FF7D7FBA208]
	(No symbol) [0x00007FF7D7FB62C4]
	(No symbol) [0x00007FF7D7FB63F6]
	(No symbol) [0x00007FF7D7FA67A3]
	BaseThreadInitThunk [0x00007FFD2A757614+20]
	RtlUserThreadStart [0x00007FFD2C6426F1+33]
</msg>
<msg timestamp="20230823 10:54:26.003" level="FAIL">NoSuchWindowException: Message: no such window: target window already closed
from unknown error: web view not found
  (Session info: chrome=116.0.5845.97)
Stacktrace:
	GetHandleVerifier [0x00007FF7D80352A2+57122]
	(No symbol) [0x00007FF7D7FAEA92]
	(No symbol) [0x00007FF7D7E7E3AB]
	(No symbol) [0x00007FF7D7E5E1B9]
	(No symbol) [0x00007FF7D7EDB417]
	(No symbol) [0x00007FF7D7EEE24F]
	(No symbol) [0x00007FF7D7ED6DB3]
	(No symbol) [0x00007FF7D7EAD2B1]
	(No symbol) [0x00007FF7D7EAE494]
	GetHandleVerifier [0x00007FF7D82DEF82+2849794]
	GetHandleVerifier [0x00007FF7D8331D24+3189156]
	GetHandleVerifier [0x00007FF7D832ACAF+3160367]
	GetHandleVerifier [0x00007FF7D80C6D06+653702]
	(No symbol) [0x00007FF7D7FBA208]
	(No symbol) [0x00007FF7D7FB62C4]
	(No symbol) [0x00007FF7D7FB63F6]
	(No symbol) [0x00007FF7D7FA67A3]
	BaseThreadInitThunk [0x00007FFD2A757614+20]
	RtlUserThreadStart [0x00007FFD2C6426F1+33]
</msg>
<status status="FAIL" starttime="20230823 10:54:25.947" endtime="20230823 10:54:26.014"/>
</kw>
<kw name="Close Browser" library="SeleniumLibrary">
<doc>Closes the current browser.</doc>
<status status="PASS" starttime="20230823 10:54:26.014" endtime="20230823 10:54:28.287"/>
</kw>
<status status="FAIL" starttime="20230823 10:54:25.934" endtime="20230823 10:54:28.289">NoSuchWindowException: Message: no such window: target window already closed
from unknown error: web view not found
  (Session info: chrome=116.0.5845.97)
Stacktrace:
	GetHandleVerifier [0x00007FF7D80352A2+57122]
	(No symbol) [0x00007FF7D7FAEA92]
	(No symbol) [0x00007FF7D7E7E3AB]
	(No symbol) [0x00007FF7D7E5E1B9]
	(No symbol) [0x00007FF7D7EDB417]
	(No symbol) [0x00007FF7D7EEE24F]
	(No symbol) [0x00007FF7D7ED6DB3]
	(No symbol) [0x00007FF7D7EAD2B1]
	(No symbol) [0x00007FF7D7EAE494]
	GetHandleVerifier [0x00007FF7D82DEF82+2849794]
	GetHandleVerifier [0x00007FF7D8331D24+3189156]
	GetHandleVerifier [0x00007FF7D832ACAF+3160367]
	GetHandleVerifier [0x00007FF7D80C6D06+653702]
	(No symbol) [0x00007FF7D7FBA208]
	(No symbol) [0x00007FF7D7FB62C4]
	(No symbol) [0x00007FF7D7FB63F6]
	(No symbol) [0x00007FF7D7FA67A3]
	BaseThreadInitThunk [0x00007FFD2A757614+20]
	RtlUserThreadStart [0x00007FFD2C6426F1+33]
</status>
</kw>
<tag>PASS</tag>
<tag>UI</tag>
<status status="FAIL" starttime="20230823 10:54:21.481" endtime="20230823 10:54:28.291">NoSuchWindowException: Message: no such window: target window already closed
from unknown error: web view not found
  (Session info: chrome=116.0.5845.97)
Stacktrace:
	GetHandleVerifier [0x00007FF7D80352A2+57122]
	(No symbol) [0x00007FF7D7FAEA92]
	(No symbol) [0x00007FF7D7E7E3AB]
	(No symbol) [0x00007FF7D7E5E1B9]
	(No symbol) [0x00007FF7D7EDB417]
	(No symbol) [0x00007FF7D7EEE24F]
	(No symbol) [0x00007FF7D7ED6DB3]
	(No symbol) [0x00007FF7D7EAD2B1]
	(No symbol) [0x00007FF7D7EAE494]
	GetHandleVerifier [0x00007FF7D82DEF82+2849794]
	GetHandleVerifier [0x00007FF7D8331D24+3189156]
	GetHandleVerifier [0x00007FF7D832ACAF+3160367]
	GetHandleVerifier [0x00007FF7D80C6D06+653702]
	(No symbol) [0x00007FF7D7FBA208]
	(No symbol) [0x00007FF7D7FB62C4]
	(No symbol) [0x00007FF7D7FB63F6]
	(No symbol) [0x00007FF7D7FA67A3]
	BaseThreadInitThunk [0x00007FFD2A757614+20]
	RtlUserThreadStart [0x00007FFD2C6426F1+33]


Also teardown failed:
NoSuchWindowException: Message: no such window: target window already closed
from unknown error: web view not found
  (Session info: chrome=116.0.5845.97)
Stacktrace:
	GetHandleVerifier [0x00007FF7D80352A2+57122]
	(No symbol) [0x00007FF7D7FAEA92]
	(No symbol) [0x00007FF7D7E7E3AB]
	(No symbol) [0x00007FF7D7E5E1B9]
	(No symbol) [0x00007FF7D7EDB417]
	(No symbol) [0x00007FF7D7EEE24F]
	(No symbol) [0x00007FF7D7ED6DB3]
	(No symbol) [0x00007FF7D7EAD2B1]
	(No symbol) [0x00007FF7D7EAE494]
	GetHandleVerifier [0x00007FF7D82DEF82+2849794]
	GetHandleVerifier [0x00007FF7D8331D24+3189156]
	GetHandleVerifier [0x00007FF7D832ACAF+3160367]
	GetHandleVerifier [0x00007FF7D80C6D06+653702]
	(No symbol) [0x00007FF7D7FBA208]
	(No symbol) [0x00007FF7D7FB62C4]
	(No symbol) [0x00007FF7D7FB63F6]
	(No symbol) [0x00007FF7D7FA67A3]
	BaseThreadInitThunk [0x00007FFD2A757614+20]
	RtlUserThreadStart [0x00007FFD2C6426F1+33]
</status>
</test>
<test id="s1-t3" name="selectByValueTest" line="20">
<kw name="Open browser to page" library="TestBase">
<arg>https://the-internet.herokuapp.com/dropdown</arg>
<kw name="Get Browserdriver Path" library="WebDriverSetup">
<var>${browser_path}</var>
<arg>${BROWSER}</arg>
<msg timestamp="20230823 10:54:28.347" level="INFO">Setup browser: chrome
None</msg>
<msg timestamp="20230823 10:54:28.347" level="INFO">${browser_path} = None</msg>
<status status="PASS" starttime="20230823 10:54:28.345" endtime="20230823 10:54:28.348"/>
</kw>
<kw name="Options builder" library="TestBase">
<kw name="Run Keyword If" library="BuiltIn">
<arg>"${HEADLESS.lower()}" == "true"</arg>
<arg>Add headless mode to browser</arg>
<doc>Runs the given keyword with the given arguments, if ``condition`` is true.</doc>
<status status="PASS" starttime="20230823 10:54:28.351" endtime="20230823 10:54:28.358"/>
</kw>
<kw name="Run Keyword If" library="BuiltIn">
<arg>"${INCOGNITO.lower()}" == "true"</arg>
<arg>Add incognito mode to browser</arg>
<doc>Runs the given keyword with the given arguments, if ``condition`` is true.</doc>
<status status="PASS" starttime="20230823 10:54:28.359" endtime="20230823 10:54:28.362"/>
</kw>
<kw name="Run Keyword If" library="BuiltIn">
<arg>"${DOCKERGRID.lower()}" == "true"</arg>
<arg>Ingore certificate errors</arg>
<doc>Runs the given keyword with the given arguments, if ``condition`` is true.</doc>
<status status="PASS" starttime="20230823 10:54:28.363" endtime="20230823 10:54:28.369"/>
</kw>
<kw name="Run Keyword If" library="BuiltIn">
<arg>"${FAST_PROXY}" != ""</arg>
<arg>Send whole traffic through proxy</arg>
<doc>Runs the given keyword with the given arguments, if ``condition`` is true.</doc>
<status status="PASS" starttime="20230823 10:54:28.370" endtime="20230823 10:54:28.373"/>
</kw>
<status status="PASS" starttime="20230823 10:54:28.348" endtime="20230823 10:54:28.374"/>
</kw>
<kw name="Run Keyword If" library="BuiltIn">
<arg>"${DOCKERGRID.lower()}" == "true" and "${FAST_PROXY}" == ""</arg>
<arg>Open browser</arg>
<arg>${URL}</arg>
<arg>browser=${BROWSER}</arg>
<arg>remote_url=http://localhost:4444/wd/hub</arg>
<arg>desired_capabilities=${CAPABILITIES}</arg>
<arg>executable_path=${browser_path}</arg>
<arg>options=${DEFAULT_OPTIONS}</arg>
<arg>ELSE</arg>
<arg>Open browser</arg>
<arg>${URL}</arg>
<arg>${BROWSER}</arg>
<arg>executable_path=${browser_path}</arg>
<arg>options=${DEFAULT_OPTIONS}</arg>
<doc>Runs the given keyword with the given arguments, if ``condition`` is true.</doc>
<kw name="Open Browser" library="SeleniumLibrary">
<arg>${URL}</arg>
<arg>${BROWSER}</arg>
<arg>executable_path=${browser_path}</arg>
<arg>options=${DEFAULT_OPTIONS}</arg>
<doc>Opens a new browser instance to the optional ``url``.</doc>
<msg timestamp="20230823 10:54:28.385" level="INFO">Opening browser 'chrome' to base url 'https://the-internet.herokuapp.com/dropdown'.</msg>
<status status="PASS" starttime="20230823 10:54:28.381" endtime="20230823 10:54:36.080"/>
</kw>
<status status="PASS" starttime="20230823 10:54:28.376" endtime="20230823 10:54:36.080"/>
</kw>
<kw name="Maximize Browser Window" library="SeleniumLibrary">
<doc>Maximizes current browser window.</doc>
<status status="PASS" starttime="20230823 10:54:36.080" endtime="20230823 10:54:36.206"/>
</kw>
<kw name="Set Selenium Speed" library="SeleniumLibrary">
<arg>${DELAY}</arg>
<doc>Sets the delay that is waited after each Selenium command.</doc>
<status status="PASS" starttime="20230823 10:54:36.206" endtime="20230823 10:54:36.206"/>
</kw>
<status status="PASS" starttime="20230823 10:54:28.342" endtime="20230823 10:54:36.207"/>
</kw>
<kw name="Select Byvalue" library="UIElementsPage">
<kw name="Wait Until Element Is Visible" library="SeleniumLibrary">
<arg>${dropdown}</arg>
<arg>${timeout}</arg>
<doc>Waits until the element ``locator`` is visible.</doc>
<status status="PASS" starttime="20230823 10:54:36.207" endtime="20230823 10:54:36.333"/>
</kw>
<kw name="Select From List By Value" library="SeleniumLibrary">
<arg>${dropdown}</arg>
<arg>2</arg>
<doc>Selects options from selection list ``locator`` by ``values``.</doc>
<msg timestamp="20230823 10:54:36.334" level="INFO">Selecting options from selection list 'id:dropdown' by value 2.</msg>
<status status="PASS" starttime="20230823 10:54:36.333" endtime="20230823 10:54:36.526"/>
</kw>
<status status="PASS" starttime="20230823 10:54:36.207" endtime="20230823 10:54:36.528"/>
</kw>
<kw name="Teardown" library="TestBase" type="TEARDOWN">
<kw name="Set Screenshot Directory" library="SeleniumLibrary">
<arg>./TestOutput/Screenshots/${SUITE NAME}</arg>
<doc>Sets the directory for captured screenshots.</doc>
<status status="PASS" starttime="20230823 10:54:36.528" endtime="20230823 10:54:36.529"/>
</kw>
<kw name="Capture Page Screenshot" library="SeleniumLibrary">
<arg>${TEST NAME}.png</arg>
<doc>Takes a screenshot of the current page and embeds it into a log file.</doc>
<msg timestamp="20230823 10:54:36.730" level="INFO" html="true">&lt;/td&gt;&lt;/tr&gt;&lt;tr&gt;&lt;td colspan="3"&gt;&lt;a href="TestOutput/Screenshots/UIElements%20Tests/selectByValueTest.png"&gt;&lt;img src="TestOutput/Screenshots/UIElements%20Tests/selectByValueTest.png" width="800px"&gt;&lt;/a&gt;</msg>
<status status="PASS" starttime="20230823 10:54:36.529" endtime="20230823 10:54:36.730"/>
</kw>
<kw name="Close Browser" library="SeleniumLibrary">
<doc>Closes the current browser.</doc>
<status status="PASS" starttime="20230823 10:54:36.730" endtime="20230823 10:54:39.234"/>
</kw>
<status status="PASS" starttime="20230823 10:54:36.528" endtime="20230823 10:54:39.234"/>
</kw>
<tag>PASS</tag>
<tag>UI</tag>
<status status="PASS" starttime="20230823 10:54:28.337" endtime="20230823 10:54:39.236"/>
</test>
<test id="s1-t4" name="selectByIndexTest" line="24">
<kw name="Open browser to page" library="TestBase">
<arg>https://the-internet.herokuapp.com/dropdown</arg>
<kw name="Get Browserdriver Path" library="WebDriverSetup">
<var>${browser_path}</var>
<arg>${BROWSER}</arg>
<msg timestamp="20230823 10:54:39.245" level="INFO">Setup browser: chrome
None</msg>
<msg timestamp="20230823 10:54:39.245" level="INFO">${browser_path} = None</msg>
<status status="PASS" starttime="20230823 10:54:39.243" endtime="20230823 10:54:39.245"/>
</kw>
<kw name="Options builder" library="TestBase">
<kw name="Run Keyword If" library="BuiltIn">
<arg>"${HEADLESS.lower()}" == "true"</arg>
<arg>Add headless mode to browser</arg>
<doc>Runs the given keyword with the given arguments, if ``condition`` is true.</doc>
<status status="PASS" starttime="20230823 10:54:39.245" endtime="20230823 10:54:39.245"/>
</kw>
<kw name="Run Keyword If" library="BuiltIn">
<arg>"${INCOGNITO.lower()}" == "true"</arg>
<arg>Add incognito mode to browser</arg>
<doc>Runs the given keyword with the given arguments, if ``condition`` is true.</doc>
<status status="PASS" starttime="20230823 10:54:39.245" endtime="20230823 10:54:39.252"/>
</kw>
<kw name="Run Keyword If" library="BuiltIn">
<arg>"${DOCKERGRID.lower()}" == "true"</arg>
<arg>Ingore certificate errors</arg>
<doc>Runs the given keyword with the given arguments, if ``condition`` is true.</doc>
<status status="PASS" starttime="20230823 10:54:39.253" endtime="20230823 10:54:39.255"/>
</kw>
<kw name="Run Keyword If" library="BuiltIn">
<arg>"${FAST_PROXY}" != ""</arg>
<arg>Send whole traffic through proxy</arg>
<doc>Runs the given keyword with the given arguments, if ``condition`` is true.</doc>
<status status="PASS" starttime="20230823 10:54:39.255" endtime="20230823 10:54:39.256"/>
</kw>
<status status="PASS" starttime="20230823 10:54:39.245" endtime="20230823 10:54:39.257"/>
</kw>
<kw name="Run Keyword If" library="BuiltIn">
<arg>"${DOCKERGRID.lower()}" == "true" and "${FAST_PROXY}" == ""</arg>
<arg>Open browser</arg>
<arg>${URL}</arg>
<arg>browser=${BROWSER}</arg>
<arg>remote_url=http://localhost:4444/wd/hub</arg>
<arg>desired_capabilities=${CAPABILITIES}</arg>
<arg>executable_path=${browser_path}</arg>
<arg>options=${DEFAULT_OPTIONS}</arg>
<arg>ELSE</arg>
<arg>Open browser</arg>
<arg>${URL}</arg>
<arg>${BROWSER}</arg>
<arg>executable_path=${browser_path}</arg>
<arg>options=${DEFAULT_OPTIONS}</arg>
<doc>Runs the given keyword with the given arguments, if ``condition`` is true.</doc>
<kw name="Open Browser" library="SeleniumLibrary">
<arg>${URL}</arg>
<arg>${BROWSER}</arg>
<arg>executable_path=${browser_path}</arg>
<arg>options=${DEFAULT_OPTIONS}</arg>
<doc>Opens a new browser instance to the optional ``url``.</doc>
<msg timestamp="20230823 10:54:39.264" level="INFO">Opening browser 'chrome' to base url 'https://the-internet.herokuapp.com/dropdown'.</msg>
<status status="PASS" starttime="20230823 10:54:39.262" endtime="20230823 10:54:43.655"/>
</kw>
<status status="PASS" starttime="20230823 10:54:39.257" endtime="20230823 10:54:43.658"/>
</kw>
<kw name="Maximize Browser Window" library="SeleniumLibrary">
<doc>Maximizes current browser window.</doc>
<msg timestamp="20230823 10:54:43.725" level="WARN">Keyword 'Capture Page Screenshot' could not be run on failure: Message: no such window: target window already closed
from unknown error: web view not found
  (Session info: chrome=116.0.5845.97)
Stacktrace:
	GetHandleVerifier [0x00007FF7D80352A2+57122]
	(No symbol) [0x00007FF7D7FAEA92]
	(No symbol) [0x00007FF7D7E7E3AB]
	(No symbol) [0x00007FF7D7E5E1B9]
	(No symbol) [0x00007FF7D7EDB417]
	(No symbol) [0x00007FF7D7EEE24F]
	(No symbol) [0x00007FF7D7ED6DB3]
	(No symbol) [0x00007FF7D7EAD2B1]
	(No symbol) [0x00007FF7D7EAE494]
	GetHandleVerifier [0x00007FF7D82DEF82+2849794]
	GetHandleVerifier [0x00007FF7D8331D24+3189156]
	GetHandleVerifier [0x00007FF7D832ACAF+3160367]
	GetHandleVerifier [0x00007FF7D80C6D06+653702]
	(No symbol) [0x00007FF7D7FBA208]
	(No symbol) [0x00007FF7D7FB62C4]
	(No symbol) [0x00007FF7D7FB63F6]
	(No symbol) [0x00007FF7D7FA67A3]
	BaseThreadInitThunk [0x00007FFD2A757614+20]
	RtlUserThreadStart [0x00007FFD2C6426F1+33]
</msg>
<msg timestamp="20230823 10:54:43.746" level="FAIL">NoSuchWindowException: Message: no such window: target window already closed
from unknown error: web view not found
  (Session info: chrome=116.0.5845.97)
Stacktrace:
	GetHandleVerifier [0x00007FF7D80352A2+57122]
	(No symbol) [0x00007FF7D7FAEA92]
	(No symbol) [0x00007FF7D7E7E3AB]
	(No symbol) [0x00007FF7D7E5E1B9]
	(No symbol) [0x00007FF7D7EDB417]
	(No symbol) [0x00007FF7D7EEE24F]
	(No symbol) [0x00007FF7D7ED6DB3]
	(No symbol) [0x00007FF7D7EAD2B1]
	(No symbol) [0x00007FF7D7EAE494]
	GetHandleVerifier [0x00007FF7D82DEF82+2849794]
	GetHandleVerifier [0x00007FF7D8331D24+3189156]
	GetHandleVerifier [0x00007FF7D832ACAF+3160367]
	GetHandleVerifier [0x00007FF7D80C6D06+653702]
	(No symbol) [0x00007FF7D7FBA208]
	(No symbol) [0x00007FF7D7FB62C4]
	(No symbol) [0x00007FF7D7FB63F6]
	(No symbol) [0x00007FF7D7FA67A3]
	BaseThreadInitThunk [0x00007FFD2A757614+20]
	RtlUserThreadStart [0x00007FFD2C6426F1+33]
</msg>
<status status="FAIL" starttime="20230823 10:54:43.658" endtime="20230823 10:54:43.748"/>
</kw>
<kw name="Set Selenium Speed" library="SeleniumLibrary">
<arg>${DELAY}</arg>
<doc>Sets the delay that is waited after each Selenium command.</doc>
<status status="NOT RUN" starttime="20230823 10:54:43.749" endtime="20230823 10:54:43.750"/>
</kw>
<status status="FAIL" starttime="20230823 10:54:39.242" endtime="20230823 10:54:43.751"/>
</kw>
<kw name="Select ByIndex" library="UIElementsPage">
<status status="NOT RUN" starttime="20230823 10:54:43.755" endtime="20230823 10:54:43.756"/>
</kw>
<kw name="Teardown" library="TestBase" type="TEARDOWN">
<kw name="Set Screenshot Directory" library="SeleniumLibrary">
<arg>./TestOutput/Screenshots/${SUITE NAME}</arg>
<doc>Sets the directory for captured screenshots.</doc>
<status status="PASS" starttime="20230823 10:54:43.758" endtime="20230823 10:54:43.760"/>
</kw>
<kw name="Capture Page Screenshot" library="SeleniumLibrary">
<arg>${TEST NAME}.png</arg>
<doc>Takes a screenshot of the current page and embeds it into a log file.</doc>
<msg timestamp="20230823 10:54:43.780" level="WARN">Keyword 'Capture Page Screenshot' could not be run on failure: Message: no such window: target window already closed
from unknown error: web view not found
  (Session info: chrome=116.0.5845.97)
Stacktrace:
	GetHandleVerifier [0x00007FF7D80352A2+57122]
	(No symbol) [0x00007FF7D7FAEA92]
	(No symbol) [0x00007FF7D7E7E3AB]
	(No symbol) [0x00007FF7D7E5E1B9]
	(No symbol) [0x00007FF7D7EDB417]
	(No symbol) [0x00007FF7D7EEE24F]
	(No symbol) [0x00007FF7D7ED6DB3]
	(No symbol) [0x00007FF7D7EAD2B1]
	(No symbol) [0x00007FF7D7EAE494]
	GetHandleVerifier [0x00007FF7D82DEF82+2849794]
	GetHandleVerifier [0x00007FF7D8331D24+3189156]
	GetHandleVerifier [0x00007FF7D832ACAF+3160367]
	GetHandleVerifier [0x00007FF7D80C6D06+653702]
	(No symbol) [0x00007FF7D7FBA208]
	(No symbol) [0x00007FF7D7FB62C4]
	(No symbol) [0x00007FF7D7FB63F6]
	(No symbol) [0x00007FF7D7FA67A3]
	BaseThreadInitThunk [0x00007FFD2A757614+20]
	RtlUserThreadStart [0x00007FFD2C6426F1+33]
</msg>
<msg timestamp="20230823 10:54:43.796" level="FAIL">NoSuchWindowException: Message: no such window: target window already closed
from unknown error: web view not found
  (Session info: chrome=116.0.5845.97)
Stacktrace:
	GetHandleVerifier [0x00007FF7D80352A2+57122]
	(No symbol) [0x00007FF7D7FAEA92]
	(No symbol) [0x00007FF7D7E7E3AB]
	(No symbol) [0x00007FF7D7E5E1B9]
	(No symbol) [0x00007FF7D7EDB417]
	(No symbol) [0x00007FF7D7EEE24F]
	(No symbol) [0x00007FF7D7ED6DB3]
	(No symbol) [0x00007FF7D7EAD2B1]
	(No symbol) [0x00007FF7D7EAE494]
	GetHandleVerifier [0x00007FF7D82DEF82+2849794]
	GetHandleVerifier [0x00007FF7D8331D24+3189156]
	GetHandleVerifier [0x00007FF7D832ACAF+3160367]
	GetHandleVerifier [0x00007FF7D80C6D06+653702]
	(No symbol) [0x00007FF7D7FBA208]
	(No symbol) [0x00007FF7D7FB62C4]
	(No symbol) [0x00007FF7D7FB63F6]
	(No symbol) [0x00007FF7D7FA67A3]
	BaseThreadInitThunk [0x00007FFD2A757614+20]
	RtlUserThreadStart [0x00007FFD2C6426F1+33]
</msg>
<status status="FAIL" starttime="20230823 10:54:43.760" endtime="20230823 10:54:43.799"/>
</kw>
<kw name="Close Browser" library="SeleniumLibrary">
<doc>Closes the current browser.</doc>
<status status="PASS" starttime="20230823 10:54:43.800" endtime="20230823 10:54:46.032"/>
</kw>
<status status="FAIL" starttime="20230823 10:54:43.757" endtime="20230823 10:54:46.033">NoSuchWindowException: Message: no such window: target window already closed
from unknown error: web view not found
  (Session info: chrome=116.0.5845.97)
Stacktrace:
	GetHandleVerifier [0x00007FF7D80352A2+57122]
	(No symbol) [0x00007FF7D7FAEA92]
	(No symbol) [0x00007FF7D7E7E3AB]
	(No symbol) [0x00007FF7D7E5E1B9]
	(No symbol) [0x00007FF7D7EDB417]
	(No symbol) [0x00007FF7D7EEE24F]
	(No symbol) [0x00007FF7D7ED6DB3]
	(No symbol) [0x00007FF7D7EAD2B1]
	(No symbol) [0x00007FF7D7EAE494]
	GetHandleVerifier [0x00007FF7D82DEF82+2849794]
	GetHandleVerifier [0x00007FF7D8331D24+3189156]
	GetHandleVerifier [0x00007FF7D832ACAF+3160367]
	GetHandleVerifier [0x00007FF7D80C6D06+653702]
	(No symbol) [0x00007FF7D7FBA208]
	(No symbol) [0x00007FF7D7FB62C4]
	(No symbol) [0x00007FF7D7FB63F6]
	(No symbol) [0x00007FF7D7FA67A3]
	BaseThreadInitThunk [0x00007FFD2A757614+20]
	RtlUserThreadStart [0x00007FFD2C6426F1+33]
</status>
</kw>
<tag>PASS</tag>
<tag>UI</tag>
<status status="FAIL" starttime="20230823 10:54:39.241" endtime="20230823 10:54:46.035">NoSuchWindowException: Message: no such window: target window already closed
from unknown error: web view not found
  (Session info: chrome=116.0.5845.97)
Stacktrace:
	GetHandleVerifier [0x00007FF7D80352A2+57122]
	(No symbol) [0x00007FF7D7FAEA92]
	(No symbol) [0x00007FF7D7E7E3AB]
	(No symbol) [0x00007FF7D7E5E1B9]
	(No symbol) [0x00007FF7D7EDB417]
	(No symbol) [0x00007FF7D7EEE24F]
	(No symbol) [0x00007FF7D7ED6DB3]
	(No symbol) [0x00007FF7D7EAD2B1]
	(No symbol) [0x00007FF7D7EAE494]
	GetHandleVerifier [0x00007FF7D82DEF82+2849794]
	GetHandleVerifier [0x00007FF7D8331D24+3189156]
	GetHandleVerifier [0x00007FF7D832ACAF+3160367]
	GetHandleVerifier [0x00007FF7D80C6D06+653702]
	(No symbol) [0x00007FF7D7FBA208]
	(No symbol) [0x00007FF7D7FB62C4]
	(No symbol) [0x00007FF7D7FB63F6]
	(No symbol) [0x00007FF7D7FA67A3]
	BaseThreadInitThunk [0x00007FFD2A757614+20]
	RtlUserThreadStart [0x00007FFD2C6426F1+33]


Also teardown failed:
NoSuchWindowException: Message: no such window: target window already closed
from unknown error: web view not found
  (Session info: chrome=116.0.5845.97)
Stacktrace:
	GetHandleVerifier [0x00007FF7D80352A2+57122]
	(No symbol) [0x00007FF7D7FAEA92]
	(No symbol) [0x00007FF7D7E7E3AB]
	(No symbol) [0x00007FF7D7E5E1B9]
	(No symbol) [0x00007FF7D7EDB417]
	(No symbol) [0x00007FF7D7EEE24F]
	(No symbol) [0x00007FF7D7ED6DB3]
	(No symbol) [0x00007FF7D7EAD2B1]
	(No symbol) [0x00007FF7D7EAE494]
	GetHandleVerifier [0x00007FF7D82DEF82+2849794]
	GetHandleVerifier [0x00007FF7D8331D24+3189156]
	GetHandleVerifier [0x00007FF7D832ACAF+3160367]
	GetHandleVerifier [0x00007FF7D80C6D06+653702]
	(No symbol) [0x00007FF7D7FBA208]
	(No symbol) [0x00007FF7D7FB62C4]
	(No symbol) [0x00007FF7D7FB63F6]
	(No symbol) [0x00007FF7D7FA67A3]
	BaseThreadInitThunk [0x00007FFD2A757614+20]
	RtlUserThreadStart [0x00007FFD2C6426F1+33]
</status>
</test>
<test id="s1-t5" name="multiSelectText" line="28">
<kw name="Open browser to page" library="TestBase">
<arg>https://demoqa.com/select-menu</arg>
<kw name="Get Browserdriver Path" library="WebDriverSetup">
<var>${browser_path}</var>
<arg>${BROWSER}</arg>
<msg timestamp="20230823 10:54:46.076" level="INFO">Setup browser: chrome
None</msg>
<msg timestamp="20230823 10:54:46.076" level="INFO">${browser_path} = None</msg>
<status status="PASS" starttime="20230823 10:54:46.075" endtime="20230823 10:54:46.076"/>
</kw>
<kw name="Options builder" library="TestBase">
<kw name="Run Keyword If" library="BuiltIn">
<arg>"${HEADLESS.lower()}" == "true"</arg>
<arg>Add headless mode to browser</arg>
<doc>Runs the given keyword with the given arguments, if ``condition`` is true.</doc>
<status status="PASS" starttime="20230823 10:54:46.077" endtime="20230823 10:54:46.079"/>
</kw>
<kw name="Run Keyword If" library="BuiltIn">
<arg>"${INCOGNITO.lower()}" == "true"</arg>
<arg>Add incognito mode to browser</arg>
<doc>Runs the given keyword with the given arguments, if ``condition`` is true.</doc>
<status status="PASS" starttime="20230823 10:54:46.079" endtime="20230823 10:54:46.080"/>
</kw>
<kw name="Run Keyword If" library="BuiltIn">
<arg>"${DOCKERGRID.lower()}" == "true"</arg>
<arg>Ingore certificate errors</arg>
<doc>Runs the given keyword with the given arguments, if ``condition`` is true.</doc>
<status status="PASS" starttime="20230823 10:54:46.080" endtime="20230823 10:54:46.082"/>
</kw>
<kw name="Run Keyword If" library="BuiltIn">
<arg>"${FAST_PROXY}" != ""</arg>
<arg>Send whole traffic through proxy</arg>
<doc>Runs the given keyword with the given arguments, if ``condition`` is true.</doc>
<status status="PASS" starttime="20230823 10:54:46.082" endtime="20230823 10:54:46.083"/>
</kw>
<status status="PASS" starttime="20230823 10:54:46.076" endtime="20230823 10:54:46.085"/>
</kw>
<kw name="Run Keyword If" library="BuiltIn">
<arg>"${DOCKERGRID.lower()}" == "true" and "${FAST_PROXY}" == ""</arg>
<arg>Open browser</arg>
<arg>${URL}</arg>
<arg>browser=${BROWSER}</arg>
<arg>remote_url=http://localhost:4444/wd/hub</arg>
<arg>desired_capabilities=${CAPABILITIES}</arg>
<arg>executable_path=${browser_path}</arg>
<arg>options=${DEFAULT_OPTIONS}</arg>
<arg>ELSE</arg>
<arg>Open browser</arg>
<arg>${URL}</arg>
<arg>${BROWSER}</arg>
<arg>executable_path=${browser_path}</arg>
<arg>options=${DEFAULT_OPTIONS}</arg>
<doc>Runs the given keyword with the given arguments, if ``condition`` is true.</doc>
<kw name="Open Browser" library="SeleniumLibrary">
<arg>${URL}</arg>
<arg>${BROWSER}</arg>
<arg>executable_path=${browser_path}</arg>
<arg>options=${DEFAULT_OPTIONS}</arg>
<doc>Opens a new browser instance to the optional ``url``.</doc>
<msg timestamp="20230823 10:54:46.090" level="INFO">Opening browser 'chrome' to base url 'https://demoqa.com/select-menu'.</msg>
<msg timestamp="20230823 10:54:54.002" level="WARN">Retrying (Retry(total=2, connect=None, read=None, redirect=None, status=None)) after connection broken by 'NewConnectionError('&lt;urllib3.connection.HTTPConnection object at 0x000001A04F365990&gt;: Failed to establish a new connection: [WinError 10061] No connection could be made because the target machine actively refused it')': /session/04a346c256d0227bd88142a436e2f6be/screenshot</msg>
<msg timestamp="20230823 10:54:58.102" level="WARN">Retrying (Retry(total=1, connect=None, read=None, redirect=None, status=None)) after connection broken by 'NewConnectionError('&lt;urllib3.connection.HTTPConnection object at 0x000001A04F366150&gt;: Failed to establish a new connection: [WinError 10061] No connection could be made because the target machine actively refused it')': /session/04a346c256d0227bd88142a436e2f6be/screenshot</msg>
<msg timestamp="20230823 10:55:02.211" level="WARN">Retrying (Retry(total=0, connect=None, read=None, redirect=None, status=None)) after connection broken by 'NewConnectionError('&lt;urllib3.connection.HTTPConnection object at 0x000001A04F366AD0&gt;: Failed to establish a new connection: [WinError 10061] No connection could be made because the target machine actively refused it')': /session/04a346c256d0227bd88142a436e2f6be/screenshot</msg>
<msg timestamp="20230823 10:55:04.255" level="WARN">Keyword 'Capture Page Screenshot' could not be run on failure: Execution terminated by signal</msg>
<msg timestamp="20230823 10:55:04.259" level="FAIL">ProtocolError: ('Connection aborted.', ConnectionResetError(10054, 'An existing connection was forcibly closed by the remote host', None, 10054, None))</msg>
<status status="FAIL" starttime="20230823 10:54:46.088" endtime="20230823 10:55:04.402"/>
</kw>
<status status="FAIL" starttime="20230823 10:54:46.085" endtime="20230823 10:55:04.402"/>
</kw>
<kw name="Maximize Browser Window" library="SeleniumLibrary">
<doc>Maximizes current browser window.</doc>
<status status="NOT RUN" starttime="20230823 10:55:04.402" endtime="20230823 10:55:04.402"/>
</kw>
<kw name="Set Selenium Speed" library="SeleniumLibrary">
<arg>${DELAY}</arg>
<doc>Sets the delay that is waited after each Selenium command.</doc>
<status status="NOT RUN" starttime="20230823 10:55:04.402" endtime="20230823 10:55:04.402"/>
</kw>
<status status="FAIL" starttime="20230823 10:54:46.075" endtime="20230823 10:55:04.403"/>
</kw>
<kw name="Validate dropdown list" library="UIElementsPage">
<status status="NOT RUN" starttime="20230823 10:55:04.404" endtime="20230823 10:55:04.404"/>
</kw>
<kw name="Teardown" library="TestBase" type="TEARDOWN">
<kw name="Set Screenshot Directory" library="SeleniumLibrary">
<arg>./TestOutput/Screenshots/${SUITE NAME}</arg>
<doc>Sets the directory for captured screenshots.</doc>
<status status="PASS" starttime="20230823 10:55:04.405" endtime="20230823 10:55:04.406"/>
</kw>
<kw name="Capture Page Screenshot" library="SeleniumLibrary">
<arg>${TEST NAME}.png</arg>
<doc>Takes a screenshot of the current page and embeds it into a log file.</doc>
<msg timestamp="20230823 10:55:08.484" level="WARN">Retrying (Retry(total=2, connect=None, read=None, redirect=None, status=None)) after connection broken by 'NewConnectionError('&lt;urllib3.connection.HTTPConnection object at 0x000001A04F3604D0&gt;: Failed to establish a new connection: [WinError 10061] No connection could be made because the target machine actively refused it')': /session/04a346c256d0227bd88142a436e2f6be/screenshot</msg>
<msg timestamp="20230823 10:55:12.591" level="WARN">Retrying (Retry(total=1, connect=None, read=None, redirect=None, status=None)) after connection broken by 'NewConnectionError('&lt;urllib3.connection.HTTPConnection object at 0x000001A04F366010&gt;: Failed to establish a new connection: [WinError 10061] No connection could be made because the target machine actively refused it')': /session/04a346c256d0227bd88142a436e2f6be/screenshot</msg>
<msg timestamp="20230823 10:55:16.673" level="WARN">Retrying (Retry(total=0, connect=None, read=None, redirect=None, status=None)) after connection broken by 'NewConnectionError('&lt;urllib3.connection.HTTPConnection object at 0x000001A04F3CB5D0&gt;: Failed to establish a new connection: [WinError 10061] No connection could be made because the target machine actively refused it')': /session/04a346c256d0227bd88142a436e2f6be/screenshot</msg>
<msg timestamp="20230823 10:55:24.813" level="WARN">Retrying (Retry(total=2, connect=None, read=None, redirect=None, status=None)) after connection broken by 'NewConnectionError('&lt;urllib3.connection.HTTPConnection object at 0x000001A04F40CED0&gt;: Failed to establish a new connection: [WinError 10061] No connection could be made because the target machine actively refused it')': /session/04a346c256d0227bd88142a436e2f6be/screenshot</msg>
<msg timestamp="20230823 10:55:28.913" level="WARN">Retrying (Retry(total=1, connect=None, read=None, redirect=None, status=None)) after connection broken by 'NewConnectionError('&lt;urllib3.connection.HTTPConnection object at 0x000001A04F40D910&gt;: Failed to establish a new connection: [WinError 10061] No connection could be made because the target machine actively refused it')': /session/04a346c256d0227bd88142a436e2f6be/screenshot</msg>
<msg timestamp="20230823 10:55:32.989" level="WARN">Retrying (Retry(total=0, connect=None, read=None, redirect=None, status=None)) after connection broken by 'NewConnectionError('&lt;urllib3.connection.HTTPConnection object at 0x000001A04F40E390&gt;: Failed to establish a new connection: [WinError 10061] No connection could be made because the target machine actively refused it')': /session/04a346c256d0227bd88142a436e2f6be/screenshot</msg>
<msg timestamp="20230823 10:55:37.051" level="WARN">Keyword 'Capture Page Screenshot' could not be run on failure: HTTPConnectionPool(host='localhost', port=53496): Max retries exceeded with url: /session/04a346c256d0227bd88142a436e2f6be/screenshot (Caused by NewConnectionError('&lt;urllib3.connection.HTTPConnection object at 0x000001A04F40EE90&gt;: Failed to establish a new connection: [WinError 10061] No connection could be made because the target machine actively refused it'))</msg>
<msg timestamp="20230823 10:55:37.052" level="FAIL">MaxRetryError: HTTPConnectionPool(host='localhost', port=53496): Max retries exceeded with url: /session/04a346c256d0227bd88142a436e2f6be/screenshot (Caused by NewConnectionError('&lt;urllib3.connection.HTTPConnection object at 0x000001A04F3CBDD0&gt;: Failed to establish a new connection: [WinError 10061] No connection could be made because the target machine actively refused it'))</msg>
<status status="FAIL" starttime="20230823 10:55:04.406" endtime="20230823 10:55:37.113"/>
</kw>
<kw name="Close Browser" library="SeleniumLibrary">
<doc>Closes the current browser.</doc>
<msg timestamp="20230823 10:55:41.219" level="WARN">Retrying (Retry(total=2, connect=None, read=None, redirect=None, status=None)) after connection broken by 'NewConnectionError('&lt;urllib3.connection.HTTPConnection object at 0x000001A04F4254D0&gt;: Failed to establish a new connection: [WinError 10061] No connection could be made because the target machine actively refused it')': /session/04a346c256d0227bd88142a436e2f6be</msg>
<msg timestamp="20230823 10:55:45.280" level="WARN">Retrying (Retry(total=1, connect=None, read=None, redirect=None, status=None)) after connection broken by 'NewConnectionError('&lt;urllib3.connection.HTTPConnection object at 0x000001A04F40D590&gt;: Failed to establish a new connection: [WinError 10061] No connection could be made because the target machine actively refused it')': /session/04a346c256d0227bd88142a436e2f6be</msg>
<msg timestamp="20230823 10:55:49.337" level="WARN">Retrying (Retry(total=0, connect=None, read=None, redirect=None, status=None)) after connection broken by 'NewConnectionError('&lt;urllib3.connection.HTTPConnection object at 0x000001A04F40E650&gt;: Failed to establish a new connection: [WinError 10061] No connection could be made because the target machine actively refused it')': /session/04a346c256d0227bd88142a436e2f6be</msg>
<status status="PASS" starttime="20230823 10:55:37.113" endtime="20230823 10:55:57.542"/>
</kw>
<status status="FAIL" starttime="20230823 10:55:04.405" endtime="20230823 10:55:57.542">MaxRetryError: HTTPConnectionPool(host='localhost', port=53496): Max retries exceeded with url: /session/04a346c256d0227bd88142a436e2f6be/screenshot (Caused by NewConnectionError('&lt;urllib3.connection.HTTPConnection object at 0x000001A04F3CBDD0&gt;: Failed to establish a new connection: [WinError 10061] No connection could be made because the target machine actively refused it'))</status>
</kw>
<tag>PASS</tag>
<tag>UI</tag>
<status status="FAIL" starttime="20230823 10:54:46.074" endtime="20230823 10:55:57.544">ProtocolError: ('Connection aborted.', ConnectionResetError(10054, 'An existing connection was forcibly closed by the remote host', None, 10054, None))

Also teardown failed:
MaxRetryError: HTTPConnectionPool(host='localhost', port=53496): Max retries exceeded with url: /session/04a346c256d0227bd88142a436e2f6be/screenshot (Caused by NewConnectionError('&lt;urllib3.connection.HTTPConnection object at 0x000001A04F3CBDD0&gt;: Failed to establish a new connection: [WinError 10061] No connection could be made because the target machine actively refused it'))</status>
</test>
<test id="s1-t6" name="CheckBoxUsage" line="32">
<kw name="Open browser to page" library="TestBase">
<arg>https://courses.letskodeit.com/practice</arg>
<kw name="Get Browserdriver Path" library="WebDriverSetup">
<var>${browser_path}</var>
<arg>${BROWSER}</arg>
<status status="FAIL" starttime="20230823 10:55:57.558" endtime="20230823 10:55:57.559"/>
</kw>
<kw name="Options builder" library="TestBase">
<status status="NOT RUN" starttime="20230823 10:55:57.559" endtime="20230823 10:55:57.559"/>
</kw>
<kw name="Run Keyword If" library="BuiltIn">
<arg>"${DOCKERGRID.lower()}" == "true" and "${FAST_PROXY}" == ""</arg>
<arg>Open browser</arg>
<arg>${URL}</arg>
<arg>browser=${BROWSER}</arg>
<arg>remote_url=http://localhost:4444/wd/hub</arg>
<arg>desired_capabilities=${CAPABILITIES}</arg>
<arg>executable_path=${browser_path}</arg>
<arg>options=${DEFAULT_OPTIONS}</arg>
<arg>ELSE</arg>
<arg>Open browser</arg>
<arg>${URL}</arg>
<arg>${BROWSER}</arg>
<arg>executable_path=${browser_path}</arg>
<arg>options=${DEFAULT_OPTIONS}</arg>
<doc>Runs the given keyword with the given arguments, if ``condition`` is true.</doc>
<status status="NOT RUN" starttime="20230823 10:55:57.559" endtime="20230823 10:55:57.560"/>
</kw>
<kw name="Maximize Browser Window" library="SeleniumLibrary">
<doc>Maximizes current browser window.</doc>
<status status="NOT RUN" starttime="20230823 10:55:57.560" endtime="20230823 10:55:57.560"/>
</kw>
<kw name="Set Selenium Speed" library="SeleniumLibrary">
<arg>${DELAY}</arg>
<doc>Sets the delay that is waited after each Selenium command.</doc>
<status status="NOT RUN" starttime="20230823 10:55:57.560" endtime="20230823 10:55:57.560"/>
</kw>
<status status="FAIL" starttime="20230823 10:55:57.556" endtime="20230823 10:55:57.560"/>
</kw>
<kw name="Validate CheckboxUsage" library="UIElementsPage">
<status status="NOT RUN" starttime="20230823 10:55:57.563" endtime="20230823 10:55:57.563"/>
</kw>
<kw name="Teardown" library="TestBase" type="TEARDOWN">
<kw name="Set Screenshot Directory" library="SeleniumLibrary">
<arg>./TestOutput/Screenshots/${SUITE NAME}</arg>
<doc>Sets the directory for captured screenshots.</doc>
<status status="PASS" starttime="20230823 10:55:57.566" endtime="20230823 10:55:57.570"/>
</kw>
<kw name="Capture Page Screenshot" library="SeleniumLibrary">
<arg>${TEST NAME}.png</arg>
<doc>Takes a screenshot of the current page and embeds it into a log file.</doc>
<msg timestamp="20230823 10:55:57.572" level="INFO">Cannot capture screenshot because no browser is open.</msg>
<status status="PASS" starttime="20230823 10:55:57.571" endtime="20230823 10:55:57.573"/>
</kw>
<kw name="Close Browser" library="SeleniumLibrary">
<doc>Closes the current browser.</doc>
<status status="PASS" starttime="20230823 10:55:57.574" endtime="20230823 10:55:57.574"/>
</kw>
<status status="PASS" starttime="20230823 10:55:57.565" endtime="20230823 10:55:57.575"/>
</kw>
<tag>PASS</tag>
<tag>UI</tag>
<status status="FAIL" starttime="20230823 10:55:57.554" endtime="20230823 10:55:57.576">Execution terminated by signal</status>
</test>
<test id="s1-t7" name="radioButtonUsage" line="36">
<tag>PASS</tag>
<tag>robot:exit</tag>
<tag>UI</tag>
<status status="FAIL" starttime="20230823 10:55:57.581" endtime="20230823 10:55:57.583">Test execution stopped due to a fatal error.</status>
</test>
<status status="FAIL" starttime="20230823 10:53:55.385" endtime="20230823 10:55:57.587"/>
</suite>
<statistics>
<total>
<stat pass="2" fail="5" skip="0">All Tests</stat>
</total>
<tag>
<stat pass="2" fail="4" skip="0" info="combined" combined="NOT robot:exit">NOT robot:exit</stat>
<stat pass="2" fail="5" skip="0">PASS</stat>
<stat pass="2" fail="5" skip="0">UI</stat>
</tag>
<suite>
<stat pass="2" fail="5" skip="0" id="s1" name="UIElements Tests">UIElements Tests</stat>
</suite>
</statistics>
<errors>
<msg timestamp="20230823 10:54:25.767" level="WARN">Keyword 'Capture Page Screenshot' could not be run on failure: Message: no such window: target window already closed
from unknown error: web view not found
  (Session info: chrome=116.0.5845.97)
Stacktrace:
	GetHandleVerifier [0x00007FF7D80352A2+57122]
	(No symbol) [0x00007FF7D7FAEA92]
	(No symbol) [0x00007FF7D7E7E3AB]
	(No symbol) [0x00007FF7D7E5E1B9]
	(No symbol) [0x00007FF7D7EDB417]
	(No symbol) [0x00007FF7D7EEE24F]
	(No symbol) [0x00007FF7D7ED6DB3]
	(No symbol) [0x00007FF7D7EAD2B1]
	(No symbol) [0x00007FF7D7EAE494]
	GetHandleVerifier [0x00007FF7D82DEF82+2849794]
	GetHandleVerifier [0x00007FF7D8331D24+3189156]
	GetHandleVerifier [0x00007FF7D832ACAF+3160367]
	GetHandleVerifier [0x00007FF7D80C6D06+653702]
	(No symbol) [0x00007FF7D7FBA208]
	(No symbol) [0x00007FF7D7FB62C4]
	(No symbol) [0x00007FF7D7FB63F6]
	(No symbol) [0x00007FF7D7FA67A3]
	BaseThreadInitThunk [0x00007FFD2A757614+20]
	RtlUserThreadStart [0x00007FFD2C6426F1+33]
</msg>
<msg timestamp="20230823 10:54:25.988" level="WARN">Keyword 'Capture Page Screenshot' could not be run on failure: Message: no such window: target window already closed
from unknown error: web view not found
  (Session info: chrome=116.0.5845.97)
Stacktrace:
	GetHandleVerifier [0x00007FF7D80352A2+57122]
	(No symbol) [0x00007FF7D7FAEA92]
	(No symbol) [0x00007FF7D7E7E3AB]
	(No symbol) [0x00007FF7D7E5E1B9]
	(No symbol) [0x00007FF7D7EDB417]
	(No symbol) [0x00007FF7D7EEE24F]
	(No symbol) [0x00007FF7D7ED6DB3]
	(No symbol) [0x00007FF7D7EAD2B1]
	(No symbol) [0x00007FF7D7EAE494]
	GetHandleVerifier [0x00007FF7D82DEF82+2849794]
	GetHandleVerifier [0x00007FF7D8331D24+3189156]
	GetHandleVerifier [0x00007FF7D832ACAF+3160367]
	GetHandleVerifier [0x00007FF7D80C6D06+653702]
	(No symbol) [0x00007FF7D7FBA208]
	(No symbol) [0x00007FF7D7FB62C4]
	(No symbol) [0x00007FF7D7FB63F6]
	(No symbol) [0x00007FF7D7FA67A3]
	BaseThreadInitThunk [0x00007FFD2A757614+20]
	RtlUserThreadStart [0x00007FFD2C6426F1+33]
</msg>
<msg timestamp="20230823 10:54:43.725" level="WARN">Keyword 'Capture Page Screenshot' could not be run on failure: Message: no such window: target window already closed
from unknown error: web view not found
  (Session info: chrome=116.0.5845.97)
Stacktrace:
	GetHandleVerifier [0x00007FF7D80352A2+57122]
	(No symbol) [0x00007FF7D7FAEA92]
	(No symbol) [0x00007FF7D7E7E3AB]
	(No symbol) [0x00007FF7D7E5E1B9]
	(No symbol) [0x00007FF7D7EDB417]
	(No symbol) [0x00007FF7D7EEE24F]
	(No symbol) [0x00007FF7D7ED6DB3]
	(No symbol) [0x00007FF7D7EAD2B1]
	(No symbol) [0x00007FF7D7EAE494]
	GetHandleVerifier [0x00007FF7D82DEF82+2849794]
	GetHandleVerifier [0x00007FF7D8331D24+3189156]
	GetHandleVerifier [0x00007FF7D832ACAF+3160367]
	GetHandleVerifier [0x00007FF7D80C6D06+653702]
	(No symbol) [0x00007FF7D7FBA208]
	(No symbol) [0x00007FF7D7FB62C4]
	(No symbol) [0x00007FF7D7FB63F6]
	(No symbol) [0x00007FF7D7FA67A3]
	BaseThreadInitThunk [0x00007FFD2A757614+20]
	RtlUserThreadStart [0x00007FFD2C6426F1+33]
</msg>
<msg timestamp="20230823 10:54:43.780" level="WARN">Keyword 'Capture Page Screenshot' could not be run on failure: Message: no such window: target window already closed
from unknown error: web view not found
  (Session info: chrome=116.0.5845.97)
Stacktrace:
	GetHandleVerifier [0x00007FF7D80352A2+57122]
	(No symbol) [0x00007FF7D7FAEA92]
	(No symbol) [0x00007FF7D7E7E3AB]
	(No symbol) [0x00007FF7D7E5E1B9]
	(No symbol) [0x00007FF7D7EDB417]
	(No symbol) [0x00007FF7D7EEE24F]
	(No symbol) [0x00007FF7D7ED6DB3]
	(No symbol) [0x00007FF7D7EAD2B1]
	(No symbol) [0x00007FF7D7EAE494]
	GetHandleVerifier [0x00007FF7D82DEF82+2849794]
	GetHandleVerifier [0x00007FF7D8331D24+3189156]
	GetHandleVerifier [0x00007FF7D832ACAF+3160367]
	GetHandleVerifier [0x00007FF7D80C6D06+653702]
	(No symbol) [0x00007FF7D7FBA208]
	(No symbol) [0x00007FF7D7FB62C4]
	(No symbol) [0x00007FF7D7FB63F6]
	(No symbol) [0x00007FF7D7FA67A3]
	BaseThreadInitThunk [0x00007FFD2A757614+20]
	RtlUserThreadStart [0x00007FFD2C6426F1+33]
</msg>
<msg timestamp="20230823 10:54:54.002" level="WARN">Retrying (Retry(total=2, connect=None, read=None, redirect=None, status=None)) after connection broken by 'NewConnectionError('&lt;urllib3.connection.HTTPConnection object at 0x000001A04F365990&gt;: Failed to establish a new connection: [WinError 10061] No connection could be made because the target machine actively refused it')': /session/04a346c256d0227bd88142a436e2f6be/screenshot</msg>
<msg timestamp="20230823 10:54:58.102" level="WARN">Retrying (Retry(total=1, connect=None, read=None, redirect=None, status=None)) after connection broken by 'NewConnectionError('&lt;urllib3.connection.HTTPConnection object at 0x000001A04F366150&gt;: Failed to establish a new connection: [WinError 10061] No connection could be made because the target machine actively refused it')': /session/04a346c256d0227bd88142a436e2f6be/screenshot</msg>
<msg timestamp="20230823 10:55:02.211" level="WARN">Retrying (Retry(total=0, connect=None, read=None, redirect=None, status=None)) after connection broken by 'NewConnectionError('&lt;urllib3.connection.HTTPConnection object at 0x000001A04F366AD0&gt;: Failed to establish a new connection: [WinError 10061] No connection could be made because the target machine actively refused it')': /session/04a346c256d0227bd88142a436e2f6be/screenshot</msg>
<msg timestamp="20230823 10:55:04.255" level="WARN">Keyword 'Capture Page Screenshot' could not be run on failure: Execution terminated by signal</msg>
<msg timestamp="20230823 10:55:08.484" level="WARN">Retrying (Retry(total=2, connect=None, read=None, redirect=None, status=None)) after connection broken by 'NewConnectionError('&lt;urllib3.connection.HTTPConnection object at 0x000001A04F3604D0&gt;: Failed to establish a new connection: [WinError 10061] No connection could be made because the target machine actively refused it')': /session/04a346c256d0227bd88142a436e2f6be/screenshot</msg>
<msg timestamp="20230823 10:55:12.591" level="WARN">Retrying (Retry(total=1, connect=None, read=None, redirect=None, status=None)) after connection broken by 'NewConnectionError('&lt;urllib3.connection.HTTPConnection object at 0x000001A04F366010&gt;: Failed to establish a new connection: [WinError 10061] No connection could be made because the target machine actively refused it')': /session/04a346c256d0227bd88142a436e2f6be/screenshot</msg>
<msg timestamp="20230823 10:55:16.673" level="WARN">Retrying (Retry(total=0, connect=None, read=None, redirect=None, status=None)) after connection broken by 'NewConnectionError('&lt;urllib3.connection.HTTPConnection object at 0x000001A04F3CB5D0&gt;: Failed to establish a new connection: [WinError 10061] No connection could be made because the target machine actively refused it')': /session/04a346c256d0227bd88142a436e2f6be/screenshot</msg>
<msg timestamp="20230823 10:55:24.813" level="WARN">Retrying (Retry(total=2, connect=None, read=None, redirect=None, status=None)) after connection broken by 'NewConnectionError('&lt;urllib3.connection.HTTPConnection object at 0x000001A04F40CED0&gt;: Failed to establish a new connection: [WinError 10061] No connection could be made because the target machine actively refused it')': /session/04a346c256d0227bd88142a436e2f6be/screenshot</msg>
<msg timestamp="20230823 10:55:28.913" level="WARN">Retrying (Retry(total=1, connect=None, read=None, redirect=None, status=None)) after connection broken by 'NewConnectionError('&lt;urllib3.connection.HTTPConnection object at 0x000001A04F40D910&gt;: Failed to establish a new connection: [WinError 10061] No connection could be made because the target machine actively refused it')': /session/04a346c256d0227bd88142a436e2f6be/screenshot</msg>
<msg timestamp="20230823 10:55:32.989" level="WARN">Retrying (Retry(total=0, connect=None, read=None, redirect=None, status=None)) after connection broken by 'NewConnectionError('&lt;urllib3.connection.HTTPConnection object at 0x000001A04F40E390&gt;: Failed to establish a new connection: [WinError 10061] No connection could be made because the target machine actively refused it')': /session/04a346c256d0227bd88142a436e2f6be/screenshot</msg>
<msg timestamp="20230823 10:55:37.051" level="WARN">Keyword 'Capture Page Screenshot' could not be run on failure: HTTPConnectionPool(host='localhost', port=53496): Max retries exceeded with url: /session/04a346c256d0227bd88142a436e2f6be/screenshot (Caused by NewConnectionError('&lt;urllib3.connection.HTTPConnection object at 0x000001A04F40EE90&gt;: Failed to establish a new connection: [WinError 10061] No connection could be made because the target machine actively refused it'))</msg>
<msg timestamp="20230823 10:55:41.219" level="WARN">Retrying (Retry(total=2, connect=None, read=None, redirect=None, status=None)) after connection broken by 'NewConnectionError('&lt;urllib3.connection.HTTPConnection object at 0x000001A04F4254D0&gt;: Failed to establish a new connection: [WinError 10061] No connection could be made because the target machine actively refused it')': /session/04a346c256d0227bd88142a436e2f6be</msg>
<msg timestamp="20230823 10:55:45.280" level="WARN">Retrying (Retry(total=1, connect=None, read=None, redirect=None, status=None)) after connection broken by 'NewConnectionError('&lt;urllib3.connection.HTTPConnection object at 0x000001A04F40D590&gt;: Failed to establish a new connection: [WinError 10061] No connection could be made because the target machine actively refused it')': /session/04a346c256d0227bd88142a436e2f6be</msg>
<msg timestamp="20230823 10:55:49.337" level="WARN">Retrying (Retry(total=0, connect=None, read=None, redirect=None, status=None)) after connection broken by 'NewConnectionError('&lt;urllib3.connection.HTTPConnection object at 0x000001A04F40E650&gt;: Failed to establish a new connection: [WinError 10061] No connection could be made because the target machine actively refused it')': /session/04a346c256d0227bd88142a436e2f6be</msg>
</errors>
</robot>
